<?xml version="1.0" encoding="UTF-8"?>
<!-- Generated by org.testng.reporters.JUnitReportReporter -->
<testsuite hostname="LAPTOP-HD1T1KDQ" failures="0" tests="4" name="org.grop.Groppp1" time="0.020" errors="0" timestamp="27 Feb 2023 17:09:13 GMT" skipped="0">
  <testcase classname="org.grop.Groppp1" name="tc2" time="0.004"/>
  <testcase classname="org.grop.Groppp1" name="tc1" time="0.009"/>
  <testcase classname="org.grop.Groppp1" name="tc4" time="0.004"/>
  <testcase classname="org.grop.Groppp1" name="tc3" time="0.003"/>
</testsuite> <!-- org.grop.Groppp1 -->
