<?xml version="1.0" encoding="UTF-8"?>
<!-- Generated by org.testng.reporters.JUnitReportReporter -->
<testsuite hostname="LAPTOP-HD1T1KDQ" failures="0" tests="10" name="org.grop.Gropp2" time="0.041" errors="0" timestamp="27 Feb 2023 17:24:58 GMT" skipped="1">
  <testcase classname="org.grop.Gropp2" name="tc4" time="0.001"/>
  <testcase classname="org.grop.Gropp2" name="tc4" time="0.003"/>
  <testcase classname="org.grop.Gropp2" name="tc4" time="0.020"/>
  <testcase classname="org.grop.Gropp2" name="tc4" time="0.004"/>
  <testcase classname="org.grop.Gropp2" name="tc4" time="0.004"/>
  <testcase classname="org.grop.Gropp2" name="tc4" time="0.002"/>
  <testcase classname="org.grop.Gropp2" name="tc4" time="0.003"/>
  <testcase classname="org.grop.Gropp2" name="tc4" time="0.002"/>
  <testcase classname="org.grop.Gropp2" name="tc4" time="0.002"/>
  <testcase classname="org.grop.Gropp2" name="tc3">
    <skipped/>
  </testcase> <!-- tc3 -->
</testsuite> <!-- org.grop.Gropp2 -->
