<?xml version="1.0" encoding="UTF-8"?>
<!-- Generated by org.testng.reporters.JUnitReportReporter -->
<testsuite hostname="LAPTOP-HD1T1KDQ" failures="0" tests="14" name="org.tstng.Dataprov" time="42.700" errors="0" timestamp="27 Feb 2023 15:27:35 GMT" skipped="0">
  <testcase classname="org.tstng.Dataprov" name="tc1" time="2.528"/>
  <testcase classname="org.tstng.Dataprov" name="tc1" time="3.694"/>
  <testcase classname="org.tstng.Dataprov" name="tc1" time="1.076"/>
  <testcase classname="org.tstng.Dataprov" name="tc1" time="2.320"/>
  <testcase classname="org.tstng.Dataprov" name="tc1" time="2.477"/>
  <testcase classname="org.tstng.Dataprov" name="tc1" time="4.833"/>
  <testcase classname="org.tstng.Dataprov" name="tc1" time="1.867"/>
  <testcase classname="org.tstng.Dataprov" name="tc1" time="3.862"/>
  <testcase classname="org.tstng.Dataprov" name="tc1" time="1.897"/>
  <testcase classname="org.tstng.Dataprov" name="tc1" time="2.308"/>
  <testcase classname="org.tstng.Dataprov" name="tc1" time="1.093"/>
  <testcase classname="org.tstng.Dataprov" name="tc1" time="6.001"/>
  <testcase classname="org.tstng.Dataprov" name="tc1" time="4.079"/>
  <testcase classname="org.tstng.Dataprov" name="tc1" time="4.665"/>
</testsuite> <!-- org.tstng.Dataprov -->
