<?xml version="1.0" encoding="UTF-8"?>
<!-- Generated by org.testng.reporters.JUnitReportReporter -->
<testsuite hostname="LAPTOP-HD1T1KDQ" failures="0" tests="1" name="org.tstng.TstNG" time="0.506" errors="0" timestamp="27 Feb 2023 15:15:53 GMT" skipped="0">
  <testcase classname="org.tstng.TstNG" name="tc1" time="0.506"/>
</testsuite> <!-- org.tstng.TstNG -->
