<?xml version="1.0" encoding="UTF-8"?>
<!-- Generated by org.testng.reporters.JUnitReportReporter -->
<testsuite hostname="LAPTOP-HD1T1KDQ" failures="0" tests="20" name="org.grop.Gropp3" time="0.085" errors="0" timestamp="27 Feb 2023 17:24:34 GMT" skipped="1">
  <testcase classname="org.grop.Gropp3" name="tc1" time="0.012"/>
  <testcase classname="org.grop.Gropp3" name="tc2" time="0.001"/>
  <testcase classname="org.grop.Gropp3" name="tc2" time="0.003"/>
  <testcase classname="org.grop.Gropp3" name="tc2" time="0.001"/>
  <testcase classname="org.grop.Gropp3" name="tc2" time="0.001"/>
  <testcase classname="org.grop.Gropp3" name="tc2" time="0.003"/>
  <testcase classname="org.grop.Gropp3" name="tc2" time="0.005"/>
  <testcase classname="org.grop.Gropp3" name="tc2" time="0.009"/>
  <testcase classname="org.grop.Gropp3" name="tc2" time="0.001"/>
  <testcase classname="org.grop.Gropp3" name="tc2" time="0.002"/>
  <testcase classname="org.grop.Gropp3" name="tc4" time="0.003"/>
  <testcase classname="org.grop.Gropp3" name="tc4" time="0.002"/>
  <testcase classname="org.grop.Gropp3" name="tc4" time="0.006"/>
  <testcase classname="org.grop.Gropp3" name="tc4" time="0.003"/>
  <testcase classname="org.grop.Gropp3" name="tc4" time="0.006"/>
  <testcase classname="org.grop.Gropp3" name="tc4" time="0.005"/>
  <testcase classname="org.grop.Gropp3" name="tc4" time="0.011"/>
  <testcase classname="org.grop.Gropp3" name="tc4" time="0.007"/>
  <testcase classname="org.grop.Gropp3" name="tc4" time="0.004"/>
  <testcase classname="org.grop.Gropp3" name="tc3">
    <skipped/>
  </testcase> <!-- tc3 -->
</testsuite> <!-- org.grop.Gropp3 -->
